0 info it worked if it ends with ok
1 verbose cli [ 'node', '/usr/local/bin/npm', 'publish' ]
2 info using npm@2.14.3
3 info using node@v0.12.0
4 verbose publish [ '.' ]
5 silly cache add args [ '.', null ]
6 verbose cache add spec .
7 silly cache add parsed spec { raw: '.',
7 silly cache add   scope: null,
7 silly cache add   name: null,
7 silly cache add   rawSpec: '.',
7 silly cache add   spec: '/Users/kvineetha/Desktop/gulp-doc2json',
7 silly cache add   type: 'directory' }
8 verbose addLocalDirectory /Users/kvineetha/.npm/gulp-doc2json/1.0.1/package.tgz not in flight; packing
9 verbose tar pack [ '/Users/kvineetha/.npm/gulp-doc2json/1.0.1/package.tgz',
9 verbose tar pack   '/Users/kvineetha/Desktop/gulp-doc2json' ]
10 verbose tarball /Users/kvineetha/.npm/gulp-doc2json/1.0.1/package.tgz
11 verbose folder /Users/kvineetha/Desktop/gulp-doc2json
12 info prepublish gulp-doc2json@1.0.1
13 verbose addLocalTarball adding from inside cache /Users/kvineetha/.npm/gulp-doc2json/1.0.1/package.tgz
14 silly cache afterAdd gulp-doc2json@1.0.1
15 verbose afterAdd /Users/kvineetha/.npm/gulp-doc2json/1.0.1/package/package.json not in flight; writing
16 verbose afterAdd /Users/kvineetha/.npm/gulp-doc2json/1.0.1/package/package.json written
17 silly publish { name: 'gulp-doc2json',
17 silly publish   version: '1.0.1',
17 silly publish   description: 'Converts ppt/pdf to images in png/jpg format in a folder with same name as document and creates a json of those images in same folder',
17 silly publish   main: 'index.js',
17 silly publish   scripts: { test: 'echo "Error: no test specified" && exit 1' },
17 silly publish   repository:
17 silly publish    { type: 'git',
17 silly publish      url: 'git+https://github.com/vineetha2438/doc2json.git' },
17 silly publish   keywords: [ 'ppt', 'pdf', 'png', 'jpg', 'json' ],
17 silly publish   author: { name: 'K Vineetha', email: 'vineetha.koneru2438@gmail.com' },
17 silly publish   license: 'ISC',
17 silly publish   bugs: { url: 'https://github.com/vineetha2438/doc2json/issues' },
17 silly publish   homepage: 'https://github.com/vineetha2438/doc2json#readme',
17 silly publish   dependencies:
17 silly publish    { delete: '^0.2.1',
17 silly publish      'event-stream': '^3.3.1',
17 silly publish      'folder-contents': '^1.1.0',
17 silly publish      'fs-readdir': '0.0.3',
17 silly publish      imagemagick: '^0.1.3',
17 silly publish      jsonfile: '2.2.1',
17 silly publish      mkdirp: '^0.5.1',
17 silly publish      rcloader: '^0.1.4' },
17 silly publish   devDependencies: {},
17 silly publish   readme: '# doc2json\nConverts ppt/pdf to images in png/jpg format in a folder with same name as document and creates a json of those images in same folder\n\n## Requirements\n\nPPT2PNG requires the following software to be installed:\n\n* OpenOffice\n* ImageMagick\n\n\n## Installation\n\n    npm install doc2json\n    \n\n## Example to convert test.pdf to png and store folder with images and json in dist folder in GULP\n\n    var doc2json = require(\'gulp-doc2json\');\n    \n    gulp.task(\'doc2json\', function(callback) {\n    gulp.src(\'test.pdf\')\n        .pipe(doc2json({\n            format: \'png\',\n            dest: \'dist\'\n        }))\n    });\n\n\n\n\n',
17 silly publish   readmeFilename: 'README.md',
17 silly publish   gitHead: '5c5ec1d0f771afacea8feff45716c3eb890ee74c',
17 silly publish   _id: 'gulp-doc2json@1.0.1',
17 silly publish   _shasum: '67c42a6c5ff51ebbd19efd70eb6b4ea656eebefc',
17 silly publish   _from: '.' }
18 verbose getPublishConfig undefined
19 silly mapToRegistry name gulp-doc2json
20 silly mapToRegistry using default registry
21 silly mapToRegistry registry https://registry.npmjs.org/
22 silly mapToRegistry uri https://registry.npmjs.org/gulp-doc2json
23 verbose publish registryBase https://registry.npmjs.org/
24 silly publish uploading /Users/kvineetha/.npm/gulp-doc2json/1.0.1/package.tgz
25 verbose request uri https://registry.npmjs.org/gulp-doc2json
26 verbose request sending authorization for write operation
27 info attempt registry request try #1 at 1:25:44 PM
28 verbose request using bearer token for auth
29 verbose request id 14ff39935548f2eb
30 http request PUT https://registry.npmjs.org/gulp-doc2json
31 http 403 https://registry.npmjs.org/gulp-doc2json
32 verbose headers { 'content-type': 'application/json',
32 verbose headers   'cache-control': 'max-age=60',
32 verbose headers   'content-length': '95',
32 verbose headers   'accept-ranges': 'bytes',
32 verbose headers   date: 'Tue, 13 Oct 2015 07:55:48 GMT',
32 verbose headers   via: '1.1 varnish',
32 verbose headers   connection: 'keep-alive',
32 verbose headers   'x-served-by': 'cache-jfk1031-JFK',
32 verbose headers   'x-cache': 'MISS',
32 verbose headers   'x-cache-hits': '0',
32 verbose headers   'x-timer': 'S1444722947.829523,VS0,VE628' }
33 verbose request invalidating /Users/kvineetha/.npm/registry.npmjs.org/gulp-doc2json on PUT
34 error publish Failed PUT 403
35 verbose stack Error: "You cannot publish over the previously published version 1.0.1." : gulp-doc2json
35 verbose stack     at makeError (/usr/local/lib/node_modules/npm/node_modules/npm-registry-client/lib/request.js:263:12)
35 verbose stack     at CachingRegistryClient.<anonymous> (/usr/local/lib/node_modules/npm/node_modules/npm-registry-client/lib/request.js:251:14)
35 verbose stack     at Request._callback (/usr/local/lib/node_modules/npm/node_modules/npm-registry-client/lib/request.js:171:14)
35 verbose stack     at Request.self.callback (/usr/local/lib/node_modules/npm/node_modules/request/request.js:198:22)
35 verbose stack     at Request.emit (events.js:110:17)
35 verbose stack     at Request.<anonymous> (/usr/local/lib/node_modules/npm/node_modules/request/request.js:1073:14)
35 verbose stack     at Request.emit (events.js:129:20)
35 verbose stack     at IncomingMessage.<anonymous> (/usr/local/lib/node_modules/npm/node_modules/request/request.js:1019:12)
35 verbose stack     at IncomingMessage.emit (events.js:129:20)
35 verbose stack     at _stream_readable.js:908:16
36 verbose statusCode 403
37 verbose pkgid gulp-doc2json
38 verbose cwd /Users/kvineetha/Desktop/gulp-doc2json
39 error Darwin 14.4.0
40 error argv "node" "/usr/local/bin/npm" "publish"
41 error node v0.12.0
42 error npm  v2.14.3
43 error code E403
44 error "You cannot publish over the previously published version 1.0.1." : gulp-doc2json
45 error If you need help, you may report this error at:
45 error     <https://github.com/npm/npm/issues>
46 verbose exit [ 1, true ]
